[16:54:37] [ServerMain/INFO]: Environment: Environment[sessionHost=https://sessionserver.mojang.com, servicesHost=https://api.minecraftservices.com, name=PROD]
[16:54:39] [ServerMain/INFO]: Loaded 7 recipes
[16:54:39] [ServerMain/INFO]: Loaded 1271 advancements
[16:54:40] [Server thread/INFO]: Starting minecraft server version 1.20.4
[16:54:40] [Server thread/INFO]: Loading properties
[16:54:40] [Server thread/INFO]: Default game type: SURVIVAL
[16:54:40] [Server thread/INFO]: Generating keypair
[16:54:40] [Server console handler/ERROR]: Exception handling console input
java.io.IOException: The handle is invalid
	at java.io.FileInputStream.readBytes(Native Method) ~[?:?]
	at java.io.FileInputStream.read(FileInputStream.java:276) ~[?:?]
	at java.io.BufferedInputStream.read1(BufferedInputStream.java:282) ~[?:?]
	at java.io.BufferedInputStream.read(BufferedInputStream.java:343) ~[?:?]
	at sun.nio.cs.StreamDecoder.readBytes(StreamDecoder.java:270) ~[?:?]
	at sun.nio.cs.StreamDecoder.implRead(StreamDecoder.java:313) ~[?:?]
	at sun.nio.cs.StreamDecoder.read(StreamDecoder.java:188) ~[?:?]
	at java.io.InputStreamReader.read(InputStreamReader.java:177) ~[?:?]
	at java.io.BufferedReader.fill(BufferedReader.java:162) ~[?:?]
	at java.io.BufferedReader.readLine(BufferedReader.java:329) ~[?:?]
	at java.io.BufferedReader.readLine(BufferedReader.java:396) ~[?:?]
	at ama$1.run(SourceFile:89) ~[server-1.20.4.jar:?]
[16:54:40] [Server thread/INFO]: Starting Minecraft server on *:25565
[16:54:40] [Server thread/INFO]: Using default channel type
[16:54:40] [Server thread/INFO]: Preparing level "world"
[16:54:41] [Server thread/INFO]: Preparing start region for dimension minecraft:overworld
[16:54:43] [Worker-Main-9/INFO]: Preparing spawn area: 0%
[16:54:43] [Worker-Main-9/INFO]: Preparing spawn area: 0%
[16:54:43] [Worker-Main-9/INFO]: Preparing spawn area: 0%
[16:54:43] [Worker-Main-9/INFO]: Preparing spawn area: 0%
[16:54:43] [Worker-Main-9/INFO]: Preparing spawn area: 0%
[16:54:43] [Worker-Main-10/INFO]: Preparing spawn area: 15%
[16:54:43] [Server thread/INFO]: Time elapsed: 2695 ms
[16:54:43] [Server thread/INFO]: Done (3.330s)! For help, type "help"
[16:55:30] [User Authenticator #1/INFO]: UUID of player LuaVMX is 28f1d014-9e57-4681-99ae-19c28bc82ce2
[16:55:31] [Server thread/INFO]: LuaVMX[/[0:0:0:0:0:0:0:1]:56552] logged in with entity id 192 at (-49.71542139621531, 71.0, -90.44573562483423)
[16:55:31] [Server thread/INFO]: LuaVMX joined the game
[16:55:31] [Server thread/INFO]: LuaVMX lost connection: Disconnected
[16:55:31] [Server thread/INFO]: LuaVMX left the game
[17:05:07] [Server thread/INFO]: Stopping server
[17:05:07] [Server thread/INFO]: Saving players
[17:05:07] [Server thread/INFO]: Saving worlds
[17:05:08] [Server thread/INFO]: Saving chunks for level 'ServerLevel[world]'/minecraft:overworld
[17:05:08] [Server thread/INFO]: Saving chunks for level 'ServerLevel[world]'/minecraft:the_nether
[17:05:08] [Server thread/INFO]: Saving chunks for level 'ServerLevel[world]'/minecraft:the_end
[17:05:08] [Server thread/INFO]: ThreadedAnvilChunkStorage (world): All chunks are saved
[17:05:08] [Server thread/INFO]: ThreadedAnvilChunkStorage (DIM-1): All chunks are saved
[17:05:08] [Server thread/INFO]: ThreadedAnvilChunkStorage (DIM1): All chunks are saved
[17:05:08] [Server thread/INFO]: ThreadedAnvilChunkStorage: All dimensions are saved
